0 info it worked if it ends with ok
1 verbose cli [ '/home/ubuntu/.nvm/v0.10.35/bin/node',
1 verbose cli   '/home/ubuntu/.nvm/v0.10.35/bin/npm',
1 verbose cli   'install',
1 verbose cli   '--save',
1 verbose cli   'yelp' ]
2 info using npm@1.4.28
3 info using node@v0.10.35
4 warn package.json http@0.0.0 http is also the name of a node core module.
5 warn package.json http@0.0.0 No description
6 warn package.json http@0.0.0 No repository field.
7 verbose readDependencies using package.json deps
8 verbose cache add [ 'yelp', null ]
9 verbose cache add name=undefined spec="yelp" args=["yelp",null]
10 verbose parsed url { protocol: null,
10 verbose parsed url   slashes: null,
10 verbose parsed url   auth: null,
10 verbose parsed url   host: null,
10 verbose parsed url   port: null,
10 verbose parsed url   hostname: null,
10 verbose parsed url   hash: null,
10 verbose parsed url   search: null,
10 verbose parsed url   query: null,
10 verbose parsed url   pathname: 'yelp',
10 verbose parsed url   path: 'yelp',
10 verbose parsed url   href: 'yelp' }
11 silly lockFile bc270155-yelp yelp
12 verbose lock yelp /home/ubuntu/.npm/bc270155-yelp.lock
13 silly lockFile bc270155-yelp yelp
14 silly lockFile bc270155-yelp yelp
15 verbose addNamed [ 'yelp', '' ]
16 verbose addNamed [ null, '*' ]
17 silly lockFile 6f3205e0-yelp yelp@
18 verbose lock yelp@ /home/ubuntu/.npm/6f3205e0-yelp.lock
19 silly addNameRange { name: 'yelp', range: '*', hasData: false }
20 verbose request where is /yelp
21 verbose request registry https://registry.npmjs.org/
22 verbose request id f36c1d4467fa300d
23 verbose url raw /yelp
24 verbose url resolving [ 'https://registry.npmjs.org/', './yelp' ]
25 verbose url resolved https://registry.npmjs.org/yelp
26 verbose request where is https://registry.npmjs.org/yelp
27 info trying registry request attempt 1 at 00:44:59
28 http GET https://registry.npmjs.org/yelp
29 info retry will retry, error on last attempt: Error: connect ECONNREFUSED
30 info trying registry request attempt 2 at 00:45:10
31 http GET https://registry.npmjs.org/yelp
32 info retry will retry, error on last attempt: Error: connect ECONNREFUSED
33 info trying registry request attempt 3 at 00:46:11
34 http GET https://registry.npmjs.org/yelp
35 silly lockFile 6f3205e0-yelp yelp@
36 silly lockFile 6f3205e0-yelp yelp@
37 error Error: connect ECONNREFUSED
37 error     at errnoException (net.js:905:11)
37 error     at Object.afterConnect [as oncomplete] (net.js:896:19)
37 error  { [Error: connect ECONNREFUSED]
37 error   code: 'ECONNREFUSED',
37 error   errno: 'ECONNREFUSED',
37 error   syscall: 'connect',
37 error   parent: 'asl-node' }
38 error If you are behind a proxy, please make sure that the
38 error 'proxy' config is set properly.  See: 'npm help config'
39 error System Linux 3.14.13-c9
40 error command "/home/ubuntu/.nvm/v0.10.35/bin/node" "/home/ubuntu/.nvm/v0.10.35/bin/npm" "install" "--save" "yelp"
41 error cwd /home/ubuntu/workspace
42 error node -v v0.10.35
43 error npm -v 1.4.28
44 error syscall connect
45 error code ECONNREFUSED
46 error errno ECONNREFUSED
47 error stack Error: connect ECONNREFUSED
47 error stack     at errnoException (net.js:905:11)
47 error stack     at Object.afterConnect [as oncomplete] (net.js:896:19)
48 verbose exit [ 1, true ]
